11-Oct-2022 14:17:17.585 INFO [main] org.apache.catalina.startup.VersionLoggerListener.log Server version name:   Apache Tomcat/10.0.26
11-Oct-2022 14:17:17.587 INFO [main] org.apache.catalina.startup.VersionLoggerListener.log Server built:          Sep 23 2022 10:25:44 UTC
11-Oct-2022 14:17:17.587 INFO [main] org.apache.catalina.startup.VersionLoggerListener.log Server version number: 10.0.26.0
11-Oct-2022 14:17:17.587 INFO [main] org.apache.catalina.startup.VersionLoggerListener.log OS Name:               Mac OS X
11-Oct-2022 14:17:17.587 INFO [main] org.apache.catalina.startup.VersionLoggerListener.log OS Version:            12.5.1
11-Oct-2022 14:17:17.587 INFO [main] org.apache.catalina.startup.VersionLoggerListener.log Architecture:          aarch64
11-Oct-2022 14:17:17.587 INFO [main] org.apache.catalina.startup.VersionLoggerListener.log Java Home:             /Library/Java/JavaVirtualMachines/jdk-17.0.4.1.jdk/Contents/Home
11-Oct-2022 14:17:17.587 INFO [main] org.apache.catalina.startup.VersionLoggerListener.log JVM Version:           17.0.4.1+1-LTS-2
11-Oct-2022 14:17:17.587 INFO [main] org.apache.catalina.startup.VersionLoggerListener.log JVM Vendor:            Oracle Corporation
11-Oct-2022 14:17:17.588 INFO [main] org.apache.catalina.startup.VersionLoggerListener.log CATALINA_BASE:         /Users/paulopinto/Desktop/IES_103234/Lab2/apache-tomcat-10.0.26
11-Oct-2022 14:17:17.588 INFO [main] org.apache.catalina.startup.VersionLoggerListener.log CATALINA_HOME:         /Users/paulopinto/Desktop/IES_103234/Lab2/apache-tomcat-10.0.26
11-Oct-2022 14:17:17.594 INFO [main] org.apache.catalina.startup.VersionLoggerListener.log Command line argument: --add-opens=java.base/java.lang=ALL-UNNAMED
11-Oct-2022 14:17:17.594 INFO [main] org.apache.catalina.startup.VersionLoggerListener.log Command line argument: --add-opens=java.base/java.io=ALL-UNNAMED
11-Oct-2022 14:17:17.594 INFO [main] org.apache.catalina.startup.VersionLoggerListener.log Command line argument: --add-opens=java.base/java.util=ALL-UNNAMED
11-Oct-2022 14:17:17.594 INFO [main] org.apache.catalina.startup.VersionLoggerListener.log Command line argument: --add-opens=java.base/java.util.concurrent=ALL-UNNAMED
11-Oct-2022 14:17:17.594 INFO [main] org.apache.catalina.startup.VersionLoggerListener.log Command line argument: --add-opens=java.rmi/sun.rmi.transport=ALL-UNNAMED
11-Oct-2022 14:17:17.594 INFO [main] org.apache.catalina.startup.VersionLoggerListener.log Command line argument: -Djava.util.logging.config.file=/Users/paulopinto/Desktop/IES_103234/Lab2/apache-tomcat-10.0.26/conf/logging.properties
11-Oct-2022 14:17:17.594 INFO [main] org.apache.catalina.startup.VersionLoggerListener.log Command line argument: -Djava.util.logging.manager=org.apache.juli.ClassLoaderLogManager
11-Oct-2022 14:17:17.594 INFO [main] org.apache.catalina.startup.VersionLoggerListener.log Command line argument: -Djdk.tls.ephemeralDHKeySize=2048
11-Oct-2022 14:17:17.595 INFO [main] org.apache.catalina.startup.VersionLoggerListener.log Command line argument: -Djava.protocol.handler.pkgs=org.apache.catalina.webresources
11-Oct-2022 14:17:17.595 INFO [main] org.apache.catalina.startup.VersionLoggerListener.log Command line argument: -Dorg.apache.catalina.security.SecurityListener.UMASK=0027
11-Oct-2022 14:17:17.595 INFO [main] org.apache.catalina.startup.VersionLoggerListener.log Command line argument: -Dignore.endorsed.dirs=
11-Oct-2022 14:17:17.595 INFO [main] org.apache.catalina.startup.VersionLoggerListener.log Command line argument: -Dcatalina.base=/Users/paulopinto/Desktop/IES_103234/Lab2/apache-tomcat-10.0.26
11-Oct-2022 14:17:17.595 INFO [main] org.apache.catalina.startup.VersionLoggerListener.log Command line argument: -Dcatalina.home=/Users/paulopinto/Desktop/IES_103234/Lab2/apache-tomcat-10.0.26
11-Oct-2022 14:17:17.595 INFO [main] org.apache.catalina.startup.VersionLoggerListener.log Command line argument: -Djava.io.tmpdir=/Users/paulopinto/Desktop/IES_103234/Lab2/apache-tomcat-10.0.26/temp
11-Oct-2022 14:17:17.600 INFO [main] org.apache.catalina.core.AprLifecycleListener.lifecycleEvent The Apache Tomcat Native library which allows using OpenSSL was not found on the java.library.path: [/Users/paulopinto/Library/Java/Extensions:/Library/Java/Extensions:/Network/Library/Java/Extensions:/System/Library/Java/Extensions:/usr/lib/java:.]
11-Oct-2022 14:17:17.768 INFO [main] org.apache.coyote.AbstractProtocol.init Initializing ProtocolHandler ["http-nio-8080"]
11-Oct-2022 14:17:17.787 INFO [main] org.apache.catalina.startup.Catalina.load Server initialization in [309] milliseconds
11-Oct-2022 14:17:17.808 INFO [main] org.apache.catalina.core.StandardService.startInternal Starting service [Catalina]
11-Oct-2022 14:17:17.809 INFO [main] org.apache.catalina.core.StandardEngine.startInternal Starting Servlet engine: [Apache Tomcat/10.0.26]
11-Oct-2022 14:17:17.817 INFO [main] org.apache.catalina.startup.HostConfig.deployWAR Deploying web application archive [/Users/paulopinto/Desktop/IES_103234/Lab2/apache-tomcat-10.0.26/webapps/Lab2.1-1.0-SNAPSHOT.war]
11-Oct-2022 14:17:17.968 INFO [main] org.apache.catalina.startup.HostConfig.deployWAR Deployment of web application archive [/Users/paulopinto/Desktop/IES_103234/Lab2/apache-tomcat-10.0.26/webapps/Lab2.1-1.0-SNAPSHOT.war] has finished in [150] ms
11-Oct-2022 14:17:17.968 INFO [main] org.apache.catalina.startup.HostConfig.deployDirectory Deploying web application directory [/Users/paulopinto/Desktop/IES_103234/Lab2/apache-tomcat-10.0.26/webapps/docs]
11-Oct-2022 14:17:17.980 INFO [main] org.apache.catalina.startup.HostConfig.deployDirectory Deployment of web application directory [/Users/paulopinto/Desktop/IES_103234/Lab2/apache-tomcat-10.0.26/webapps/docs] has finished in [12] ms
11-Oct-2022 14:17:17.980 INFO [main] org.apache.catalina.startup.HostConfig.deployDirectory Deploying web application directory [/Users/paulopinto/Desktop/IES_103234/Lab2/apache-tomcat-10.0.26/webapps/manager]
11-Oct-2022 14:17:18.000 INFO [main] org.apache.catalina.startup.HostConfig.deployDirectory Deployment of web application directory [/Users/paulopinto/Desktop/IES_103234/Lab2/apache-tomcat-10.0.26/webapps/manager] has finished in [20] ms
11-Oct-2022 14:17:18.000 INFO [main] org.apache.catalina.startup.HostConfig.deployDirectory Deploying web application directory [/Users/paulopinto/Desktop/IES_103234/Lab2/apache-tomcat-10.0.26/webapps/examples]
11-Oct-2022 14:17:18.126 INFO [main] org.apache.catalina.startup.HostConfig.deployDirectory Deployment of web application directory [/Users/paulopinto/Desktop/IES_103234/Lab2/apache-tomcat-10.0.26/webapps/examples] has finished in [126] ms
11-Oct-2022 14:17:18.126 INFO [main] org.apache.catalina.startup.HostConfig.deployDirectory Deploying web application directory [/Users/paulopinto/Desktop/IES_103234/Lab2/apache-tomcat-10.0.26/webapps/ROOT]
11-Oct-2022 14:17:18.135 INFO [main] org.apache.catalina.startup.HostConfig.deployDirectory Deployment of web application directory [/Users/paulopinto/Desktop/IES_103234/Lab2/apache-tomcat-10.0.26/webapps/ROOT] has finished in [9] ms
11-Oct-2022 14:17:18.135 INFO [main] org.apache.catalina.startup.HostConfig.deployDirectory Deploying web application directory [/Users/paulopinto/Desktop/IES_103234/Lab2/apache-tomcat-10.0.26/webapps/host-manager]
11-Oct-2022 14:17:18.147 INFO [main] org.apache.catalina.startup.HostConfig.deployDirectory Deployment of web application directory [/Users/paulopinto/Desktop/IES_103234/Lab2/apache-tomcat-10.0.26/webapps/host-manager] has finished in [12] ms
11-Oct-2022 14:17:18.148 INFO [main] org.apache.coyote.AbstractProtocol.start Starting ProtocolHandler ["http-nio-8080"]
11-Oct-2022 14:17:18.157 INFO [main] org.apache.catalina.startup.Catalina.start Server startup in [369] milliseconds
11-Oct-2022 14:17:52.795 INFO [http-nio-8080-exec-5] org.apache.catalina.startup.HostConfig.undeploy Undeploying context [/Lab2.1-1.0-SNAPSHOT]
11-Oct-2022 14:18:02.864 INFO [http-nio-8080-exec-7] org.apache.catalina.startup.HostConfig.deployWAR Deploying web application archive [/Users/paulopinto/Desktop/IES_103234/Lab2/apache-tomcat-10.0.26/webapps/Lab2.1-1.0-SNAPSHOT.war]
11-Oct-2022 14:18:02.896 INFO [http-nio-8080-exec-7] org.apache.catalina.startup.HostConfig.deployWAR Deployment of web application archive [/Users/paulopinto/Desktop/IES_103234/Lab2/apache-tomcat-10.0.26/webapps/Lab2.1-1.0-SNAPSHOT.war] has finished in [33] ms
11-Oct-2022 14:30:22.042 INFO [http-nio-8080-exec-20] org.apache.catalina.startup.HostConfig.undeploy Undeploying context [/Lab2.1-1.0-SNAPSHOT]
11-Oct-2022 14:30:52.420 INFO [http-nio-8080-exec-17] org.apache.catalina.startup.HostConfig.deployWAR Deploying web application archive [/Users/paulopinto/Desktop/IES_103234/Lab2/apache-tomcat-10.0.26/webapps/Lab2.1-1.0-SNAPSHOT.war]
11-Oct-2022 14:30:52.455 INFO [http-nio-8080-exec-17] org.apache.catalina.startup.HostConfig.deployWAR Deployment of web application archive [/Users/paulopinto/Desktop/IES_103234/Lab2/apache-tomcat-10.0.26/webapps/Lab2.1-1.0-SNAPSHOT.war] has finished in [35] ms
11-Oct-2022 15:19:06.307 WARNING [main] org.apache.catalina.core.StandardServer.await Invalid shutdown command [] received
11-Oct-2022 15:19:56.306 INFO [main] org.apache.catalina.core.StandardServer.await A valid shutdown command was received via the shutdown port. Stopping the Server instance.
11-Oct-2022 15:19:56.306 INFO [main] org.apache.coyote.AbstractProtocol.pause Pausing ProtocolHandler ["http-nio-8080"]
11-Oct-2022 15:19:56.309 INFO [main] org.apache.catalina.core.StandardService.stopInternal Stopping service [Catalina]
11-Oct-2022 15:19:56.322 INFO [main] org.apache.coyote.AbstractProtocol.stop Stopping ProtocolHandler ["http-nio-8080"]
11-Oct-2022 15:19:56.336 INFO [main] org.apache.coyote.AbstractProtocol.destroy Destroying ProtocolHandler ["http-nio-8080"]
