10-Oct-2022 11:02:27.598 INFO [http-nio-8080-exec-8] org.apache.catalina.startup.HostConfig.deployWAR Deploying web application archive [/Users/paulopinto/Desktop/IES_103234/Lab2/apache-tomcat-10.0.26/webapps/Lab2.1-1.0-SNAPSHOT.war]
10-Oct-2022 11:02:27.637 INFO [http-nio-8080-exec-8] org.apache.catalina.startup.HostConfig.deployWAR Deployment of web application archive [/Users/paulopinto/Desktop/IES_103234/Lab2/apache-tomcat-10.0.26/webapps/Lab2.1-1.0-SNAPSHOT.war] has finished in [39] ms
10-Oct-2022 11:16:56.995 INFO [main] org.apache.catalina.core.StandardServer.await A valid shutdown command was received via the shutdown port. Stopping the Server instance.
10-Oct-2022 11:16:56.997 INFO [main] org.apache.coyote.AbstractProtocol.pause Pausing ProtocolHandler ["http-nio-8080"]
10-Oct-2022 11:16:57.001 INFO [main] org.apache.catalina.core.StandardService.stopInternal Stopping service [Catalina]
10-Oct-2022 11:16:57.021 INFO [main] org.apache.coyote.AbstractProtocol.stop Stopping ProtocolHandler ["http-nio-8080"]
10-Oct-2022 11:16:57.031 INFO [main] org.apache.coyote.AbstractProtocol.destroy Destroying ProtocolHandler ["http-nio-8080"]
10-Oct-2022 11:49:36.533 INFO [main] org.apache.catalina.startup.VersionLoggerListener.log Server version name:   Apache Tomcat/10.0.26
10-Oct-2022 11:49:36.535 INFO [main] org.apache.catalina.startup.VersionLoggerListener.log Server built:          Sep 23 2022 10:25:44 UTC
10-Oct-2022 11:49:36.535 INFO [main] org.apache.catalina.startup.VersionLoggerListener.log Server version number: 10.0.26.0
10-Oct-2022 11:49:36.535 INFO [main] org.apache.catalina.startup.VersionLoggerListener.log OS Name:               Mac OS X
10-Oct-2022 11:49:36.535 INFO [main] org.apache.catalina.startup.VersionLoggerListener.log OS Version:            12.5.1
10-Oct-2022 11:49:36.535 INFO [main] org.apache.catalina.startup.VersionLoggerListener.log Architecture:          aarch64
10-Oct-2022 11:49:36.535 INFO [main] org.apache.catalina.startup.VersionLoggerListener.log Java Home:             /Library/Java/JavaVirtualMachines/jdk-17.0.4.1.jdk/Contents/Home
10-Oct-2022 11:49:36.535 INFO [main] org.apache.catalina.startup.VersionLoggerListener.log JVM Version:           17.0.4.1+1-LTS-2
10-Oct-2022 11:49:36.535 INFO [main] org.apache.catalina.startup.VersionLoggerListener.log JVM Vendor:            Oracle Corporation
10-Oct-2022 11:49:36.535 INFO [main] org.apache.catalina.startup.VersionLoggerListener.log CATALINA_BASE:         /Users/paulopinto/Desktop/IES_103234/Lab2/apache-tomcat-10.0.26
10-Oct-2022 11:49:36.536 INFO [main] org.apache.catalina.startup.VersionLoggerListener.log CATALINA_HOME:         /Users/paulopinto/Desktop/IES_103234/Lab2/apache-tomcat-10.0.26
10-Oct-2022 11:49:36.542 INFO [main] org.apache.catalina.startup.VersionLoggerListener.log Command line argument: --add-opens=java.base/java.lang=ALL-UNNAMED
10-Oct-2022 11:49:36.542 INFO [main] org.apache.catalina.startup.VersionLoggerListener.log Command line argument: --add-opens=java.base/java.io=ALL-UNNAMED
10-Oct-2022 11:49:36.542 INFO [main] org.apache.catalina.startup.VersionLoggerListener.log Command line argument: --add-opens=java.base/java.util=ALL-UNNAMED
10-Oct-2022 11:49:36.542 INFO [main] org.apache.catalina.startup.VersionLoggerListener.log Command line argument: --add-opens=java.base/java.util.concurrent=ALL-UNNAMED
10-Oct-2022 11:49:36.542 INFO [main] org.apache.catalina.startup.VersionLoggerListener.log Command line argument: --add-opens=java.rmi/sun.rmi.transport=ALL-UNNAMED
10-Oct-2022 11:49:36.542 INFO [main] org.apache.catalina.startup.VersionLoggerListener.log Command line argument: -Djava.util.logging.config.file=/Users/paulopinto/Desktop/IES_103234/Lab2/apache-tomcat-10.0.26/conf/logging.properties
10-Oct-2022 11:49:36.542 INFO [main] org.apache.catalina.startup.VersionLoggerListener.log Command line argument: -Djava.util.logging.manager=org.apache.juli.ClassLoaderLogManager
10-Oct-2022 11:49:36.542 INFO [main] org.apache.catalina.startup.VersionLoggerListener.log Command line argument: -Djdk.tls.ephemeralDHKeySize=2048
10-Oct-2022 11:49:36.542 INFO [main] org.apache.catalina.startup.VersionLoggerListener.log Command line argument: -Djava.protocol.handler.pkgs=org.apache.catalina.webresources
10-Oct-2022 11:49:36.543 INFO [main] org.apache.catalina.startup.VersionLoggerListener.log Command line argument: -Dorg.apache.catalina.security.SecurityListener.UMASK=0027
10-Oct-2022 11:49:36.543 INFO [main] org.apache.catalina.startup.VersionLoggerListener.log Command line argument: -Dignore.endorsed.dirs=
10-Oct-2022 11:49:36.543 INFO [main] org.apache.catalina.startup.VersionLoggerListener.log Command line argument: -Dcatalina.base=/Users/paulopinto/Desktop/IES_103234/Lab2/apache-tomcat-10.0.26
10-Oct-2022 11:49:36.543 INFO [main] org.apache.catalina.startup.VersionLoggerListener.log Command line argument: -Dcatalina.home=/Users/paulopinto/Desktop/IES_103234/Lab2/apache-tomcat-10.0.26
10-Oct-2022 11:49:36.543 INFO [main] org.apache.catalina.startup.VersionLoggerListener.log Command line argument: -Djava.io.tmpdir=/Users/paulopinto/Desktop/IES_103234/Lab2/apache-tomcat-10.0.26/temp
10-Oct-2022 11:49:36.547 INFO [main] org.apache.catalina.core.AprLifecycleListener.lifecycleEvent The Apache Tomcat Native library which allows using OpenSSL was not found on the java.library.path: [/Users/paulopinto/Library/Java/Extensions:/Library/Java/Extensions:/Network/Library/Java/Extensions:/System/Library/Java/Extensions:/usr/lib/java:.]
10-Oct-2022 11:49:36.713 INFO [main] org.apache.coyote.AbstractProtocol.init Initializing ProtocolHandler ["http-nio-8080"]
10-Oct-2022 11:49:36.731 INFO [main] org.apache.catalina.startup.Catalina.load Server initialization in [299] milliseconds
10-Oct-2022 11:49:36.751 INFO [main] org.apache.catalina.core.StandardService.startInternal Starting service [Catalina]
10-Oct-2022 11:49:36.751 INFO [main] org.apache.catalina.core.StandardEngine.startInternal Starting Servlet engine: [Apache Tomcat/10.0.26]
10-Oct-2022 11:49:36.759 INFO [main] org.apache.catalina.startup.HostConfig.deployWAR Deploying web application archive [/Users/paulopinto/Desktop/IES_103234/Lab2/apache-tomcat-10.0.26/webapps/Lab2.1-1.0-SNAPSHOT.war]
10-Oct-2022 11:49:36.906 INFO [main] org.apache.catalina.startup.HostConfig.deployWAR Deployment of web application archive [/Users/paulopinto/Desktop/IES_103234/Lab2/apache-tomcat-10.0.26/webapps/Lab2.1-1.0-SNAPSHOT.war] has finished in [147] ms
10-Oct-2022 11:49:36.907 INFO [main] org.apache.catalina.startup.HostConfig.deployDirectory Deploying web application directory [/Users/paulopinto/Desktop/IES_103234/Lab2/apache-tomcat-10.0.26/webapps/docs]
10-Oct-2022 11:49:36.918 INFO [main] org.apache.catalina.startup.HostConfig.deployDirectory Deployment of web application directory [/Users/paulopinto/Desktop/IES_103234/Lab2/apache-tomcat-10.0.26/webapps/docs] has finished in [11] ms
10-Oct-2022 11:49:36.919 INFO [main] org.apache.catalina.startup.HostConfig.deployDirectory Deploying web application directory [/Users/paulopinto/Desktop/IES_103234/Lab2/apache-tomcat-10.0.26/webapps/manager]
10-Oct-2022 11:49:36.939 INFO [main] org.apache.catalina.startup.HostConfig.deployDirectory Deployment of web application directory [/Users/paulopinto/Desktop/IES_103234/Lab2/apache-tomcat-10.0.26/webapps/manager] has finished in [20] ms
10-Oct-2022 11:49:36.939 INFO [main] org.apache.catalina.startup.HostConfig.deployDirectory Deploying web application directory [/Users/paulopinto/Desktop/IES_103234/Lab2/apache-tomcat-10.0.26/webapps/examples]
10-Oct-2022 11:49:37.070 INFO [main] org.apache.catalina.startup.HostConfig.deployDirectory Deployment of web application directory [/Users/paulopinto/Desktop/IES_103234/Lab2/apache-tomcat-10.0.26/webapps/examples] has finished in [131] ms
10-Oct-2022 11:49:37.070 INFO [main] org.apache.catalina.startup.HostConfig.deployDirectory Deploying web application directory [/Users/paulopinto/Desktop/IES_103234/Lab2/apache-tomcat-10.0.26/webapps/ROOT]
10-Oct-2022 11:49:37.079 INFO [main] org.apache.catalina.startup.HostConfig.deployDirectory Deployment of web application directory [/Users/paulopinto/Desktop/IES_103234/Lab2/apache-tomcat-10.0.26/webapps/ROOT] has finished in [9] ms
10-Oct-2022 11:49:37.079 INFO [main] org.apache.catalina.startup.HostConfig.deployDirectory Deploying web application directory [/Users/paulopinto/Desktop/IES_103234/Lab2/apache-tomcat-10.0.26/webapps/host-manager]
10-Oct-2022 11:49:37.092 INFO [main] org.apache.catalina.startup.HostConfig.deployDirectory Deployment of web application directory [/Users/paulopinto/Desktop/IES_103234/Lab2/apache-tomcat-10.0.26/webapps/host-manager] has finished in [13] ms
10-Oct-2022 11:49:37.094 INFO [main] org.apache.coyote.AbstractProtocol.start Starting ProtocolHandler ["http-nio-8080"]
10-Oct-2022 11:49:37.102 INFO [main] org.apache.catalina.startup.Catalina.start Server startup in [370] milliseconds
10-Oct-2022 12:14:43.402 WARNING [main] org.apache.catalina.core.StandardServer.await Invalid shutdown command [] received
10-Oct-2022 12:15:10.918 WARNING [main] org.apache.catalina.core.StandardServer.await Invalid shutdown command [] received
10-Oct-2022 12:15:30.354 INFO [main] org.apache.catalina.core.StandardServer.await A valid shutdown command was received via the shutdown port. Stopping the Server instance.
10-Oct-2022 12:15:30.355 INFO [main] org.apache.coyote.AbstractProtocol.pause Pausing ProtocolHandler ["http-nio-8080"]
10-Oct-2022 12:15:30.358 INFO [main] org.apache.catalina.core.StandardService.stopInternal Stopping service [Catalina]
10-Oct-2022 12:15:30.374 INFO [main] org.apache.coyote.AbstractProtocol.stop Stopping ProtocolHandler ["http-nio-8080"]
10-Oct-2022 12:15:30.383 INFO [main] org.apache.coyote.AbstractProtocol.destroy Destroying ProtocolHandler ["http-nio-8080"]
10-Oct-2022 12:17:49.435 INFO [main] org.apache.catalina.startup.VersionLoggerListener.log Server version name:   Apache Tomcat/10.0.26
10-Oct-2022 12:17:49.437 INFO [main] org.apache.catalina.startup.VersionLoggerListener.log Server built:          Sep 23 2022 10:25:44 UTC
10-Oct-2022 12:17:49.437 INFO [main] org.apache.catalina.startup.VersionLoggerListener.log Server version number: 10.0.26.0
10-Oct-2022 12:17:49.437 INFO [main] org.apache.catalina.startup.VersionLoggerListener.log OS Name:               Mac OS X
10-Oct-2022 12:17:49.437 INFO [main] org.apache.catalina.startup.VersionLoggerListener.log OS Version:            12.5.1
10-Oct-2022 12:17:49.437 INFO [main] org.apache.catalina.startup.VersionLoggerListener.log Architecture:          aarch64
10-Oct-2022 12:17:49.437 INFO [main] org.apache.catalina.startup.VersionLoggerListener.log Java Home:             /Library/Java/JavaVirtualMachines/jdk-17.0.4.1.jdk/Contents/Home
10-Oct-2022 12:17:49.437 INFO [main] org.apache.catalina.startup.VersionLoggerListener.log JVM Version:           17.0.4.1+1-LTS-2
10-Oct-2022 12:17:49.437 INFO [main] org.apache.catalina.startup.VersionLoggerListener.log JVM Vendor:            Oracle Corporation
10-Oct-2022 12:17:49.438 INFO [main] org.apache.catalina.startup.VersionLoggerListener.log CATALINA_BASE:         /Users/paulopinto/Desktop/IES_103234/Lab2/apache-tomcat-10.0.26
10-Oct-2022 12:17:49.438 INFO [main] org.apache.catalina.startup.VersionLoggerListener.log CATALINA_HOME:         /Users/paulopinto/Desktop/IES_103234/Lab2/apache-tomcat-10.0.26
10-Oct-2022 12:17:49.443 INFO [main] org.apache.catalina.startup.VersionLoggerListener.log Command line argument: --add-opens=java.base/java.lang=ALL-UNNAMED
10-Oct-2022 12:17:49.444 INFO [main] org.apache.catalina.startup.VersionLoggerListener.log Command line argument: --add-opens=java.base/java.io=ALL-UNNAMED
10-Oct-2022 12:17:49.444 INFO [main] org.apache.catalina.startup.VersionLoggerListener.log Command line argument: --add-opens=java.base/java.util=ALL-UNNAMED
10-Oct-2022 12:17:49.444 INFO [main] org.apache.catalina.startup.VersionLoggerListener.log Command line argument: --add-opens=java.base/java.util.concurrent=ALL-UNNAMED
10-Oct-2022 12:17:49.444 INFO [main] org.apache.catalina.startup.VersionLoggerListener.log Command line argument: --add-opens=java.rmi/sun.rmi.transport=ALL-UNNAMED
10-Oct-2022 12:17:49.444 INFO [main] org.apache.catalina.startup.VersionLoggerListener.log Command line argument: -Djava.util.logging.config.file=/Users/paulopinto/Desktop/IES_103234/Lab2/apache-tomcat-10.0.26/conf/logging.properties
10-Oct-2022 12:17:49.444 INFO [main] org.apache.catalina.startup.VersionLoggerListener.log Command line argument: -Djava.util.logging.manager=org.apache.juli.ClassLoaderLogManager
10-Oct-2022 12:17:49.444 INFO [main] org.apache.catalina.startup.VersionLoggerListener.log Command line argument: -Djdk.tls.ephemeralDHKeySize=2048
10-Oct-2022 12:17:49.444 INFO [main] org.apache.catalina.startup.VersionLoggerListener.log Command line argument: -Djava.protocol.handler.pkgs=org.apache.catalina.webresources
10-Oct-2022 12:17:49.444 INFO [main] org.apache.catalina.startup.VersionLoggerListener.log Command line argument: -Dorg.apache.catalina.security.SecurityListener.UMASK=0027
10-Oct-2022 12:17:49.444 INFO [main] org.apache.catalina.startup.VersionLoggerListener.log Command line argument: -Dignore.endorsed.dirs=
10-Oct-2022 12:17:49.444 INFO [main] org.apache.catalina.startup.VersionLoggerListener.log Command line argument: -Dcatalina.base=/Users/paulopinto/Desktop/IES_103234/Lab2/apache-tomcat-10.0.26
10-Oct-2022 12:17:49.444 INFO [main] org.apache.catalina.startup.VersionLoggerListener.log Command line argument: -Dcatalina.home=/Users/paulopinto/Desktop/IES_103234/Lab2/apache-tomcat-10.0.26
10-Oct-2022 12:17:49.444 INFO [main] org.apache.catalina.startup.VersionLoggerListener.log Command line argument: -Djava.io.tmpdir=/Users/paulopinto/Desktop/IES_103234/Lab2/apache-tomcat-10.0.26/temp
10-Oct-2022 12:17:49.449 INFO [main] org.apache.catalina.core.AprLifecycleListener.lifecycleEvent The Apache Tomcat Native library which allows using OpenSSL was not found on the java.library.path: [/Users/paulopinto/Library/Java/Extensions:/Library/Java/Extensions:/Network/Library/Java/Extensions:/System/Library/Java/Extensions:/usr/lib/java:.]
10-Oct-2022 12:17:49.616 INFO [main] org.apache.coyote.AbstractProtocol.init Initializing ProtocolHandler ["http-nio-8080"]
10-Oct-2022 12:17:49.634 INFO [main] org.apache.catalina.startup.Catalina.load Server initialization in [297] milliseconds
10-Oct-2022 12:17:49.654 INFO [main] org.apache.catalina.core.StandardService.startInternal Starting service [Catalina]
10-Oct-2022 12:17:49.654 INFO [main] org.apache.catalina.core.StandardEngine.startInternal Starting Servlet engine: [Apache Tomcat/10.0.26]
10-Oct-2022 12:17:49.663 INFO [main] org.apache.catalina.startup.HostConfig.deployWAR Deploying web application archive [/Users/paulopinto/Desktop/IES_103234/Lab2/apache-tomcat-10.0.26/webapps/Lab2.1-1.0-SNAPSHOT.war]
10-Oct-2022 12:17:49.804 INFO [main] org.apache.catalina.startup.HostConfig.deployWAR Deployment of web application archive [/Users/paulopinto/Desktop/IES_103234/Lab2/apache-tomcat-10.0.26/webapps/Lab2.1-1.0-SNAPSHOT.war] has finished in [141] ms
10-Oct-2022 12:17:49.804 INFO [main] org.apache.catalina.startup.HostConfig.deployDirectory Deploying web application directory [/Users/paulopinto/Desktop/IES_103234/Lab2/apache-tomcat-10.0.26/webapps/docs]
10-Oct-2022 12:17:49.817 INFO [main] org.apache.catalina.startup.HostConfig.deployDirectory Deployment of web application directory [/Users/paulopinto/Desktop/IES_103234/Lab2/apache-tomcat-10.0.26/webapps/docs] has finished in [13] ms
10-Oct-2022 12:17:49.817 INFO [main] org.apache.catalina.startup.HostConfig.deployDirectory Deploying web application directory [/Users/paulopinto/Desktop/IES_103234/Lab2/apache-tomcat-10.0.26/webapps/manager]
10-Oct-2022 12:17:49.836 INFO [main] org.apache.catalina.startup.HostConfig.deployDirectory Deployment of web application directory [/Users/paulopinto/Desktop/IES_103234/Lab2/apache-tomcat-10.0.26/webapps/manager] has finished in [19] ms
10-Oct-2022 12:17:49.837 INFO [main] org.apache.catalina.startup.HostConfig.deployDirectory Deploying web application directory [/Users/paulopinto/Desktop/IES_103234/Lab2/apache-tomcat-10.0.26/webapps/examples]
10-Oct-2022 12:17:49.963 INFO [main] org.apache.catalina.startup.HostConfig.deployDirectory Deployment of web application directory [/Users/paulopinto/Desktop/IES_103234/Lab2/apache-tomcat-10.0.26/webapps/examples] has finished in [126] ms
10-Oct-2022 12:17:49.963 INFO [main] org.apache.catalina.startup.HostConfig.deployDirectory Deploying web application directory [/Users/paulopinto/Desktop/IES_103234/Lab2/apache-tomcat-10.0.26/webapps/ROOT]
10-Oct-2022 12:17:49.973 INFO [main] org.apache.catalina.startup.HostConfig.deployDirectory Deployment of web application directory [/Users/paulopinto/Desktop/IES_103234/Lab2/apache-tomcat-10.0.26/webapps/ROOT] has finished in [10] ms
10-Oct-2022 12:17:49.973 INFO [main] org.apache.catalina.startup.HostConfig.deployDirectory Deploying web application directory [/Users/paulopinto/Desktop/IES_103234/Lab2/apache-tomcat-10.0.26/webapps/host-manager]
10-Oct-2022 12:17:49.985 INFO [main] org.apache.catalina.startup.HostConfig.deployDirectory Deployment of web application directory [/Users/paulopinto/Desktop/IES_103234/Lab2/apache-tomcat-10.0.26/webapps/host-manager] has finished in [12] ms
10-Oct-2022 12:17:49.987 INFO [main] org.apache.coyote.AbstractProtocol.start Starting ProtocolHandler ["http-nio-8080"]
10-Oct-2022 12:17:49.995 INFO [main] org.apache.catalina.startup.Catalina.start Server startup in [360] milliseconds
10-Oct-2022 12:21:38.445 WARNING [main] org.apache.catalina.core.StandardServer.await Invalid shutdown command [] received
10-Oct-2022 12:21:57.390 WARNING [main] org.apache.catalina.core.StandardServer.await Invalid shutdown command [] received
10-Oct-2022 12:22:18.023 INFO [main] org.apache.catalina.core.StandardServer.await A valid shutdown command was received via the shutdown port. Stopping the Server instance.
10-Oct-2022 12:22:18.024 INFO [main] org.apache.coyote.AbstractProtocol.pause Pausing ProtocolHandler ["http-nio-8080"]
10-Oct-2022 12:22:18.026 INFO [main] org.apache.catalina.core.StandardService.stopInternal Stopping service [Catalina]
10-Oct-2022 12:22:18.041 INFO [main] org.apache.coyote.AbstractProtocol.stop Stopping ProtocolHandler ["http-nio-8080"]
10-Oct-2022 12:22:18.050 INFO [main] org.apache.coyote.AbstractProtocol.destroy Destroying ProtocolHandler ["http-nio-8080"]
10-Oct-2022 15:45:37.947 INFO [main] org.apache.catalina.startup.VersionLoggerListener.log Server version name:   Apache Tomcat/10.0.26
10-Oct-2022 15:45:37.948 INFO [main] org.apache.catalina.startup.VersionLoggerListener.log Server built:          Sep 23 2022 10:25:44 UTC
10-Oct-2022 15:45:37.948 INFO [main] org.apache.catalina.startup.VersionLoggerListener.log Server version number: 10.0.26.0
10-Oct-2022 15:45:37.948 INFO [main] org.apache.catalina.startup.VersionLoggerListener.log OS Name:               Mac OS X
10-Oct-2022 15:45:37.948 INFO [main] org.apache.catalina.startup.VersionLoggerListener.log OS Version:            12.5.1
10-Oct-2022 15:45:37.948 INFO [main] org.apache.catalina.startup.VersionLoggerListener.log Architecture:          aarch64
10-Oct-2022 15:45:37.948 INFO [main] org.apache.catalina.startup.VersionLoggerListener.log Java Home:             /Library/Java/JavaVirtualMachines/jdk-17.0.4.1.jdk/Contents/Home
10-Oct-2022 15:45:37.948 INFO [main] org.apache.catalina.startup.VersionLoggerListener.log JVM Version:           17.0.4.1+1-LTS-2
10-Oct-2022 15:45:37.948 INFO [main] org.apache.catalina.startup.VersionLoggerListener.log JVM Vendor:            Oracle Corporation
10-Oct-2022 15:45:37.948 INFO [main] org.apache.catalina.startup.VersionLoggerListener.log CATALINA_BASE:         /Users/paulopinto/Desktop/IES_103234/Lab2/apache-tomcat-10.0.26
10-Oct-2022 15:45:37.948 INFO [main] org.apache.catalina.startup.VersionLoggerListener.log CATALINA_HOME:         /Users/paulopinto/Desktop/IES_103234/Lab2/apache-tomcat-10.0.26
10-Oct-2022 15:45:37.953 INFO [main] org.apache.catalina.startup.VersionLoggerListener.log Command line argument: --add-opens=java.base/java.lang=ALL-UNNAMED
10-Oct-2022 15:45:37.953 INFO [main] org.apache.catalina.startup.VersionLoggerListener.log Command line argument: --add-opens=java.base/java.io=ALL-UNNAMED
10-Oct-2022 15:45:37.953 INFO [main] org.apache.catalina.startup.VersionLoggerListener.log Command line argument: --add-opens=java.base/java.util=ALL-UNNAMED
10-Oct-2022 15:45:37.953 INFO [main] org.apache.catalina.startup.VersionLoggerListener.log Command line argument: --add-opens=java.base/java.util.concurrent=ALL-UNNAMED
10-Oct-2022 15:45:37.953 INFO [main] org.apache.catalina.startup.VersionLoggerListener.log Command line argument: --add-opens=java.rmi/sun.rmi.transport=ALL-UNNAMED
10-Oct-2022 15:45:37.953 INFO [main] org.apache.catalina.startup.VersionLoggerListener.log Command line argument: -Djava.util.logging.config.file=/Users/paulopinto/Desktop/IES_103234/Lab2/apache-tomcat-10.0.26/conf/logging.properties
10-Oct-2022 15:45:37.953 INFO [main] org.apache.catalina.startup.VersionLoggerListener.log Command line argument: -Djava.util.logging.manager=org.apache.juli.ClassLoaderLogManager
10-Oct-2022 15:45:37.953 INFO [main] org.apache.catalina.startup.VersionLoggerListener.log Command line argument: -Djdk.tls.ephemeralDHKeySize=2048
10-Oct-2022 15:45:37.953 INFO [main] org.apache.catalina.startup.VersionLoggerListener.log Command line argument: -Djava.protocol.handler.pkgs=org.apache.catalina.webresources
10-Oct-2022 15:45:37.953 INFO [main] org.apache.catalina.startup.VersionLoggerListener.log Command line argument: -Dorg.apache.catalina.security.SecurityListener.UMASK=0027
10-Oct-2022 15:45:37.954 INFO [main] org.apache.catalina.startup.VersionLoggerListener.log Command line argument: -Dignore.endorsed.dirs=
10-Oct-2022 15:45:37.954 INFO [main] org.apache.catalina.startup.VersionLoggerListener.log Command line argument: -Dcatalina.base=/Users/paulopinto/Desktop/IES_103234/Lab2/apache-tomcat-10.0.26
10-Oct-2022 15:45:37.954 INFO [main] org.apache.catalina.startup.VersionLoggerListener.log Command line argument: -Dcatalina.home=/Users/paulopinto/Desktop/IES_103234/Lab2/apache-tomcat-10.0.26
10-Oct-2022 15:45:37.954 INFO [main] org.apache.catalina.startup.VersionLoggerListener.log Command line argument: -Djava.io.tmpdir=/Users/paulopinto/Desktop/IES_103234/Lab2/apache-tomcat-10.0.26/temp
10-Oct-2022 15:45:37.957 INFO [main] org.apache.catalina.core.AprLifecycleListener.lifecycleEvent The Apache Tomcat Native library which allows using OpenSSL was not found on the java.library.path: [/Users/paulopinto/Library/Java/Extensions:/Library/Java/Extensions:/Network/Library/Java/Extensions:/System/Library/Java/Extensions:/usr/lib/java:.]
10-Oct-2022 15:45:38.068 INFO [main] org.apache.coyote.AbstractProtocol.init Initializing ProtocolHandler ["http-nio-8080"]
10-Oct-2022 15:45:38.081 INFO [main] org.apache.catalina.startup.Catalina.load Server initialization in [203] milliseconds
10-Oct-2022 15:45:38.096 INFO [main] org.apache.catalina.core.StandardService.startInternal Starting service [Catalina]
10-Oct-2022 15:45:38.096 INFO [main] org.apache.catalina.core.StandardEngine.startInternal Starting Servlet engine: [Apache Tomcat/10.0.26]
10-Oct-2022 15:45:38.101 INFO [main] org.apache.catalina.startup.HostConfig.deployWAR Deploying web application archive [/Users/paulopinto/Desktop/IES_103234/Lab2/apache-tomcat-10.0.26/webapps/Lab2.1-1.0-SNAPSHOT.war]
10-Oct-2022 15:45:38.201 INFO [main] org.apache.catalina.startup.HostConfig.deployWAR Deployment of web application archive [/Users/paulopinto/Desktop/IES_103234/Lab2/apache-tomcat-10.0.26/webapps/Lab2.1-1.0-SNAPSHOT.war] has finished in [100] ms
10-Oct-2022 15:45:38.201 INFO [main] org.apache.catalina.startup.HostConfig.deployDirectory Deploying web application directory [/Users/paulopinto/Desktop/IES_103234/Lab2/apache-tomcat-10.0.26/webapps/docs]
10-Oct-2022 15:45:38.209 INFO [main] org.apache.catalina.startup.HostConfig.deployDirectory Deployment of web application directory [/Users/paulopinto/Desktop/IES_103234/Lab2/apache-tomcat-10.0.26/webapps/docs] has finished in [8] ms
10-Oct-2022 15:45:38.210 INFO [main] org.apache.catalina.startup.HostConfig.deployDirectory Deploying web application directory [/Users/paulopinto/Desktop/IES_103234/Lab2/apache-tomcat-10.0.26/webapps/manager]
10-Oct-2022 15:45:38.224 INFO [main] org.apache.catalina.startup.HostConfig.deployDirectory Deployment of web application directory [/Users/paulopinto/Desktop/IES_103234/Lab2/apache-tomcat-10.0.26/webapps/manager] has finished in [15] ms
10-Oct-2022 15:45:38.224 INFO [main] org.apache.catalina.startup.HostConfig.deployDirectory Deploying web application directory [/Users/paulopinto/Desktop/IES_103234/Lab2/apache-tomcat-10.0.26/webapps/examples]
10-Oct-2022 15:45:38.313 INFO [main] org.apache.catalina.startup.HostConfig.deployDirectory Deployment of web application directory [/Users/paulopinto/Desktop/IES_103234/Lab2/apache-tomcat-10.0.26/webapps/examples] has finished in [89] ms
10-Oct-2022 15:45:38.313 INFO [main] org.apache.catalina.startup.HostConfig.deployDirectory Deploying web application directory [/Users/paulopinto/Desktop/IES_103234/Lab2/apache-tomcat-10.0.26/webapps/ROOT]
10-Oct-2022 15:45:38.320 INFO [main] org.apache.catalina.startup.HostConfig.deployDirectory Deployment of web application directory [/Users/paulopinto/Desktop/IES_103234/Lab2/apache-tomcat-10.0.26/webapps/ROOT] has finished in [7] ms
10-Oct-2022 15:45:38.320 INFO [main] org.apache.catalina.startup.HostConfig.deployDirectory Deploying web application directory [/Users/paulopinto/Desktop/IES_103234/Lab2/apache-tomcat-10.0.26/webapps/host-manager]
10-Oct-2022 15:45:38.328 INFO [main] org.apache.catalina.startup.HostConfig.deployDirectory Deployment of web application directory [/Users/paulopinto/Desktop/IES_103234/Lab2/apache-tomcat-10.0.26/webapps/host-manager] has finished in [8] ms
10-Oct-2022 15:45:38.329 INFO [main] org.apache.coyote.AbstractProtocol.start Starting ProtocolHandler ["http-nio-8080"]
10-Oct-2022 15:45:38.334 INFO [main] org.apache.catalina.startup.Catalina.start Server startup in [253] milliseconds
10-Oct-2022 15:46:59.657 INFO [http-nio-8080-exec-6] org.apache.catalina.startup.HostConfig.undeploy Undeploying context [/Lab2.1-1.0-SNAPSHOT]
10-Oct-2022 15:47:08.506 INFO [http-nio-8080-exec-5] org.apache.catalina.startup.HostConfig.deployWAR Deploying web application archive [/Users/paulopinto/Desktop/IES_103234/Lab2/apache-tomcat-10.0.26/webapps/Lab2.1-1.0-SNAPSHOT.war]
10-Oct-2022 15:47:08.539 INFO [http-nio-8080-exec-5] org.apache.catalina.startup.HostConfig.deployWAR Deployment of web application archive [/Users/paulopinto/Desktop/IES_103234/Lab2/apache-tomcat-10.0.26/webapps/Lab2.1-1.0-SNAPSHOT.war] has finished in [33] ms
10-Oct-2022 15:51:49.097 INFO [http-nio-8080-exec-14] org.apache.catalina.startup.HostConfig.undeploy Undeploying context [/Lab2.1-1.0-SNAPSHOT]
10-Oct-2022 15:51:49.605 INFO [Catalina-utility-1] org.apache.catalina.startup.HostConfig.undeploy Undeploying context [/Lab2.1-1.0-SNAPSHOT]
10-Oct-2022 15:51:56.902 INFO [http-nio-8080-exec-17] org.apache.catalina.startup.HostConfig.deployWAR Deploying web application archive [/Users/paulopinto/Desktop/IES_103234/Lab2/apache-tomcat-10.0.26/webapps/Lab2.1-1.0-SNAPSHOT.war]
10-Oct-2022 15:51:56.936 INFO [http-nio-8080-exec-17] org.apache.catalina.startup.HostConfig.deployWAR Deployment of web application archive [/Users/paulopinto/Desktop/IES_103234/Lab2/apache-tomcat-10.0.26/webapps/Lab2.1-1.0-SNAPSHOT.war] has finished in [34] ms
10-Oct-2022 16:01:29.089 WARNING [main] org.apache.catalina.core.StandardServer.await Invalid shutdown command [] received
10-Oct-2022 16:01:49.464 INFO [main] org.apache.catalina.core.StandardServer.await A valid shutdown command was received via the shutdown port. Stopping the Server instance.
10-Oct-2022 16:01:49.464 INFO [main] org.apache.coyote.AbstractProtocol.pause Pausing ProtocolHandler ["http-nio-8080"]
10-Oct-2022 16:01:49.466 INFO [main] org.apache.catalina.core.StandardService.stopInternal Stopping service [Catalina]
10-Oct-2022 16:01:49.475 INFO [main] org.apache.coyote.AbstractProtocol.stop Stopping ProtocolHandler ["http-nio-8080"]
10-Oct-2022 16:01:49.476 INFO [main] org.apache.coyote.AbstractProtocol.destroy Destroying ProtocolHandler ["http-nio-8080"]
